# JRE version: OpenJDK Runtime Environment (8.0_112-b06) (build 1.8.0_112-release-b06)
# Java VM: OpenJDK 64-Bit Server VM (25.112-b06 mixed mode windows-amd64 compressed oops)
Heap:
 PSYoungGen      total 387584K, used 85854K [0x00000000e0000000, 0x00000000fd880000, 0x0000000100000000)
  eden space 349696K, 13% used [0x00000000e0000000,0x00000000e2ed9410,0x00000000f5580000)
  from space 37888K, 99% used [0x00000000fb380000,0x00000000fd87e5a8,0x00000000fd880000)
  to   space 29696K, 0% used [0x00000000f5580000,0x00000000f5580000,0x00000000f7280000)
 ParOldGen       total 155648K, used 112227K [0x00000000a0000000, 0x00000000a9800000, 0x00000000e0000000)
  object space 155648K, 72% used [0x00000000a0000000,0x00000000a6d98d40,0x00000000a9800000)
 Metaspace       used 76091K, capacity 80062K, committed 80384K, reserved 1120256K
  class space    used 9713K, capacity 10436K, committed 10496K, reserved 1048576K
GC Heap History (10 events):
Event: 322.298 GC heap before
{Heap before GC invocations=31 (full 4):
 PSYoungGen      total 317952K, used 317936K [0x00000000e0000000, 0x00000000f6780000, 0x0000000100000000)
  eden space 297984K, 100% used [0x00000000e0000000,0x00000000f2300000,0x00000000f2300000)
  from space 19968K, 99% used [0x00000000f4180000,0x00000000f54fc010,0x00000000f5500000)
  to   space 31232K, 0% used [0x00000000f2300000,0x00000000f2300000,0x00000000f4180000)
 ParOldGen       total 95232K, used 62646K [0x00000000a0000000, 0x00000000a5d00000, 0x00000000e0000000)
  object space 95232K, 65% used [0x00000000a0000000,0x00000000a3d2d928,0x00000000a5d00000)
 Metaspace       used 75126K, capacity 78860K, committed 79104K, reserved 1118208K
  class space    used 9670K, capacity 10371K, committed 10496K, reserved 1048576K
Event: 322.342 GC heap after
Heap after GC invocations=31 (full 4):
 PSYoungGen      total 329216K, used 13754K [0x00000000e0000000, 0x00000000f9480000, 0x0000000100000000)
  eden space 297984K, 0% used [0x00000000e0000000,0x00000000e0000000,0x00000000f2300000)
  from space 31232K, 44% used [0x00000000f2300000,0x00000000f306e998,0x00000000f4180000)
  to   space 29696K, 0% used [0x00000000f7780000,0x00000000f7780000,0x00000000f9480000)
 ParOldGen       total 95232K, used 65901K [0x00000000a0000000, 0x00000000a5d00000, 0x00000000e0000000)
  object space 95232K, 69% used [0x00000000a0000000,0x00000000a405b500,0x00000000a5d00000)
 Metaspace       used 75126K, capacity 78860K, committed 79104K, reserved 1118208K
  class space    used 9670K, capacity 10371K, committed 10496K, reserved 1048576K
}
Event: 330.673 GC heap before
{Heap before GC invocations=32 (full 4):
 PSYoungGen      total 329216K, used 311738K [0x00000000e0000000, 0x00000000f9480000, 0x0000000100000000)
  eden space 297984K, 100% used [0x00000000e0000000,0x00000000f2300000,0x00000000f2300000)
  from space 31232K, 44% used [0x00000000f2300000,0x00000000f306e998,0x00000000f4180000)
  to   space 29696K, 0% used [0x00000000f7780000,0x00000000f7780000,0x00000000f9480000)
 ParOldGen       total 95232K, used 65901K [0x00000000a0000000, 0x00000000a5d00000, 0x00000000e0000000)
  object space 95232K, 69% used [0x00000000a0000000,0x00000000a405b500,0x00000000a5d00000)
 Metaspace       used 75453K, capacity 79354K, committed 79616K, reserved 1118208K
  class space    used 9692K, capacity 10398K, committed 10496K, reserved 1048576K
Event: 330.711 GC heap after
Heap after GC invocations=32 (full 4):
 PSYoungGen      total 374272K, used 3919K [0x00000000e0000000, 0x00000000f8f80000, 0x0000000100000000)
  eden space 349696K, 0% used [0x00000000e0000000,0x00000000e0000000,0x00000000f5580000)
  from space 24576K, 15% used [0x00000000f7780000,0x00000000f7b53d20,0x00000000f8f80000)
  to   space 29696K, 0% used [0x00000000f5580000,0x00000000f5580000,0x00000000f7280000)
 ParOldGen       total 95232K, used 71718K [0x00000000a0000000, 0x00000000a5d00000, 0x00000000e0000000)
  object space 95232K, 75% used [0x00000000a0000000,0x00000000a4609978,0x00000000a5d00000)
 Metaspace       used 75453K, capacity 79354K, committed 79616K, reserved 1118208K
  class space    used 9692K, capacity 10398K, committed 10496K, reserved 1048576K
}
Event: 337.811 GC heap before
{Heap before GC invocations=33 (full 4):
 PSYoungGen      total 374272K, used 353615K [0x00000000e0000000, 0x00000000f8f80000, 0x0000000100000000)
  eden space 349696K, 100% used [0x00000000e0000000,0x00000000f5580000,0x00000000f5580000)
  from space 24576K, 15% used [0x00000000f7780000,0x00000000f7b53d20,0x00000000f8f80000)
  to   space 29696K, 0% used [0x00000000f5580000,0x00000000f5580000,0x00000000f7280000)
 ParOldGen       total 95232K, used 71718K [0x00000000a0000000, 0x00000000a5d00000, 0x00000000e0000000)
  object space 95232K, 75% used [0x00000000a0000000,0x00000000a4609978,0x00000000a5d00000)
 Metaspace       used 76050K, capacity 80016K, committed 80128K, reserved 1118208K
  class space    used 9715K, capacity 10439K, committed 10496K, reserved 1048576K
Event: 337.908 GC heap after
Heap after GC invocations=33 (full 4):
 PSYoungGen      total 379392K, used 29667K [0x00000000e0000000, 0x00000000fd880000, 0x0000000100000000)
  eden space 349696K, 0% used [0x00000000e0000000,0x00000000e0000000,0x00000000f5580000)
  from space 29696K, 99% used [0x00000000f5580000,0x00000000f7278e58,0x00000000f7280000)
  to   space 37888K, 0% used [0x00000000fb380000,0x00000000fb380000,0x00000000fd880000)
 ParOldGen       total 95232K, used 80107K [0x00000000a0000000, 0x00000000a5d00000, 0x00000000e0000000)
  object space 95232K, 84% used [0x00000000a0000000,0x00000000a4e3ae20,0x00000000a5d00000)
 Metaspace       used 76050K, capacity 80016K, committed 80128K, reserved 1118208K
  class space    used 9715K, capacity 10439K, committed 10496K, reserved 1048576K
}
Event: 337.908 GC heap before
{Heap before GC invocations=34 (full 5):
 PSYoungGen      total 379392K, used 29667K [0x00000000e0000000, 0x00000000fd880000, 0x0000000100000000)
  eden space 349696K, 0% used [0x00000000e0000000,0x00000000e0000000,0x00000000f5580000)
  from space 29696K, 99% used [0x00000000f5580000,0x00000000f7278e58,0x00000000f7280000)
  to   space 37888K, 0% used [0x00000000fb380000,0x00000000fb380000,0x00000000fd880000)
 ParOldGen       total 95232K, used 80107K [0x00000000a0000000, 0x00000000a5d00000, 0x00000000e0000000)
  object space 95232K, 84% used [0x00000000a0000000,0x00000000a4e3ae20,0x00000000a5d00000)
 Metaspace       used 76050K, capacity 80016K, committed 80128K, reserved 1118208K
  class space    used 9715K, capacity 10439K, committed 10496K, reserved 1048576K
Event: 338.576 GC heap after
Heap after GC invocations=34 (full 5):
 PSYoungGen      total 379392K, used 0K [0x00000000e0000000, 0x00000000fd880000, 0x0000000100000000)
  eden space 349696K, 0% used [0x00000000e0000000,0x00000000e0000000,0x00000000f5580000)
  from space 29696K, 0% used [0x00000000f5580000,0x00000000f5580000,0x00000000f7280000)
  to   space 37888K, 0% used [0x00000000fb380000,0x00000000fb380000,0x00000000fd880000)
 ParOldGen       total 155648K, used 90385K [0x00000000a0000000, 0x00000000a9800000, 0x00000000e0000000)
  object space 155648K, 58% used [0x00000000a0000000,0x00000000a5844538,0x00000000a9800000)
 Metaspace       used 76045K, capacity 79998K, committed 80128K, reserved 1118208K
  class space    used 9713K, capacity 10436K, committed 10496K, reserved 1048576K
}
Event: 340.550 GC heap before
{Heap before GC invocations=35 (full 5):
 PSYoungGen      total 379392K, used 349696K [0x00000000e0000000, 0x00000000fd880000, 0x0000000100000000)
  eden space 349696K, 100% used [0x00000000e0000000,0x00000000f5580000,0x00000000f5580000)
  from space 29696K, 0% used [0x00000000f5580000,0x00000000f5580000,0x00000000f7280000)
  to   space 37888K, 0% used [0x00000000fb380000,0x00000000fb380000,0x00000000fd880000)
 ParOldGen       total 155648K, used 90385K [0x00000000a0000000, 0x00000000a9800000, 0x00000000e0000000)
  object space 155648K, 58% used [0x00000000a0000000,0x00000000a5844538,0x00000000a9800000)
 Metaspace       used 76090K, capacity 80062K, committed 80384K, reserved 1120256K
  class space    used 9713K, capacity 10436K, committed 10496K, reserved 1048576K
Event: 340.714 GC heap after
Heap after GC invocations=35 (full 5):
 PSYoungGen      total 387584K, used 37881K [0x00000000e0000000, 0x00000000fd880000, 0x0000000100000000)
  eden space 349696K, 0% used [0x00000000e0000000,0x00000000e0000000,0x00000000f5580000)
  from space 37888K, 99% used [0x00000000fb380000,0x00000000fd87e5a8,0x00000000fd880000)
  to   space 29696K, 0% used [0x00000000f5580000,0x00000000f5580000,0x00000000f7280000)
 ParOldGen       total 155648K, used 112227K [0x00000000a0000000, 0x00000000a9800000, 0x00000000e0000000)
  object space 155648K, 72% used [0x00000000a0000000,0x00000000a6d98d40,0x00000000a9800000)
 Metaspace       used 76090K, capacity 80062K, committed 80384K, reserved 1120256K
  class space    used 9713K, capacity 10436K, committed 10496K, reserved 1048576K
}

